[ERROR] 2015-12-06  17:30:37.408 [main] test.MailUtilTest - javax.mail.MessagingException: Unknown SMTP host: cn-china-01.ap.mmm.com;
  nested exception is:
	java.net.UnknownHostException: cn-china-01.ap.mmm.com
javax.mail.MessagingException: Unknown SMTP host: cn-china-01.ap.mmm.com
	at com.sun.mail.smtp.SMTPTransport.openServer(SMTPTransport.java:1959) ~[mail-1.4.7.jar:1.4.7]
	at com.sun.mail.smtp.SMTPTransport.protocolConnect(SMTPTransport.java:654) ~[mail-1.4.7.jar:1.4.7]
	at javax.mail.Service.connect(Service.java:295) ~[mail-1.4.7.jar:1.4.7]
	at javax.mail.Service.connect(Service.java:176) ~[mail-1.4.7.jar:1.4.7]
	at org.uncodeframework.core.common.mail.MailSender.sendout(MailSender.java:206) ~[classes/:na]
	at org.uncodeframework.core.common.mail.MailUtil.sendMailAndFile(MailUtil.java:146) ~[classes/:na]
	at test.MailUtilTest.testMailAndFile(MailUtilTest.java:53) ~[test-classes/:na]
	at sun.reflect.NativeMethodAccessorImpl.invoke0(Native Method) ~[na:1.7.0_51]
	at sun.reflect.NativeMethodAccessorImpl.invoke(NativeMethodAccessorImpl.java:57) ~[na:1.7.0_51]
	at sun.reflect.DelegatingMethodAccessorImpl.invoke(DelegatingMethodAccessorImpl.java:43) ~[na:1.7.0_51]
	at java.lang.reflect.Method.invoke(Method.java:606) ~[na:1.7.0_51]
	at org.junit.runners.model.FrameworkMethod$1.runReflectiveCall(FrameworkMethod.java:47) [junit-4.11.jar:na]
	at org.junit.internal.runners.model.ReflectiveCallable.run(ReflectiveCallable.java:12) [junit-4.11.jar:na]
	at org.junit.runners.model.FrameworkMethod.invokeExplosively(FrameworkMethod.java:44) [junit-4.11.jar:na]
	at org.junit.internal.runners.statements.InvokeMethod.evaluate(InvokeMethod.java:17) [junit-4.11.jar:na]
	at org.junit.runners.ParentRunner.runLeaf(ParentRunner.java:271) [junit-4.11.jar:na]
	at org.junit.runners.BlockJUnit4ClassRunner.runChild(BlockJUnit4ClassRunner.java:70) [junit-4.11.jar:na]
	at org.junit.runners.BlockJUnit4ClassRunner.runChild(BlockJUnit4ClassRunner.java:50) [junit-4.11.jar:na]
	at org.junit.runners.ParentRunner$3.run(ParentRunner.java:238) [junit-4.11.jar:na]
	at org.junit.runners.ParentRunner$1.schedule(ParentRunner.java:63) [junit-4.11.jar:na]
	at org.junit.runners.ParentRunner.runChildren(ParentRunner.java:236) [junit-4.11.jar:na]
	at org.junit.runners.ParentRunner.access$000(ParentRunner.java:53) [junit-4.11.jar:na]
	at org.junit.runners.ParentRunner$2.evaluate(ParentRunner.java:229) [junit-4.11.jar:na]
	at org.junit.runners.ParentRunner.run(ParentRunner.java:309) [junit-4.11.jar:na]
	at org.eclipse.jdt.internal.junit4.runner.JUnit4TestReference.run(JUnit4TestReference.java:50) [.cp/:na]
	at org.eclipse.jdt.internal.junit.runner.TestExecution.run(TestExecution.java:38) [.cp/:na]
	at org.eclipse.jdt.internal.junit.runner.RemoteTestRunner.runTests(RemoteTestRunner.java:459) [.cp/:na]
	at org.eclipse.jdt.internal.junit.runner.RemoteTestRunner.runTests(RemoteTestRunner.java:675) [.cp/:na]
	at org.eclipse.jdt.internal.junit.runner.RemoteTestRunner.run(RemoteTestRunner.java:382) [.cp/:na]
	at org.eclipse.jdt.internal.junit.runner.RemoteTestRunner.main(RemoteTestRunner.java:192) [.cp/:na]
Caused by: java.net.UnknownHostException: cn-china-01.ap.mmm.com
	at java.net.AbstractPlainSocketImpl.connect(AbstractPlainSocketImpl.java:178) ~[na:1.7.0_51]
	at java.net.PlainSocketImpl.connect(PlainSocketImpl.java:172) ~[na:1.7.0_51]
	at java.net.SocksSocketImpl.connect(SocksSocketImpl.java:392) ~[na:1.7.0_51]
	at java.net.Socket.connect(Socket.java:579) ~[na:1.7.0_51]
	at java.net.Socket.connect(Socket.java:528) ~[na:1.7.0_51]
	at com.sun.mail.util.SocketFetcher.createSocket(SocketFetcher.java:321) ~[mail-1.4.7.jar:1.4.7]
	at com.sun.mail.util.SocketFetcher.getSocket(SocketFetcher.java:237) ~[mail-1.4.7.jar:1.4.7]
	at com.sun.mail.smtp.SMTPTransport.openServer(SMTPTransport.java:1927) ~[mail-1.4.7.jar:1.4.7]
	... 29 common frames omitted
[ERROR] 2015-12-06  17:30:37.423 [main] test.MailUtilTest - javax.mail.MessagingException: Unknown SMTP host: cn-china-01.ap.mmm.com;
  nested exception is:
	java.net.UnknownHostException: cn-china-01.ap.mmm.com
javax.mail.MessagingException: Unknown SMTP host: cn-china-01.ap.mmm.com
	at com.sun.mail.smtp.SMTPTransport.openServer(SMTPTransport.java:1959) ~[mail-1.4.7.jar:1.4.7]
	at com.sun.mail.smtp.SMTPTransport.protocolConnect(SMTPTransport.java:654) ~[mail-1.4.7.jar:1.4.7]
	at javax.mail.Service.connect(Service.java:295) ~[mail-1.4.7.jar:1.4.7]
	at javax.mail.Service.connect(Service.java:176) ~[mail-1.4.7.jar:1.4.7]
	at org.uncodeframework.core.common.mail.MailSender.sendout(MailSender.java:206) ~[classes/:na]
	at org.uncodeframework.core.common.mail.MailUtil.sendMail(MailUtil.java:112) ~[classes/:na]
	at test.MailUtilTest.testMail(MailUtilTest.java:41) ~[test-classes/:na]
	at sun.reflect.NativeMethodAccessorImpl.invoke0(Native Method) ~[na:1.7.0_51]
	at sun.reflect.NativeMethodAccessorImpl.invoke(NativeMethodAccessorImpl.java:57) ~[na:1.7.0_51]
	at sun.reflect.DelegatingMethodAccessorImpl.invoke(DelegatingMethodAccessorImpl.java:43) ~[na:1.7.0_51]
	at java.lang.reflect.Method.invoke(Method.java:606) ~[na:1.7.0_51]
	at org.junit.runners.model.FrameworkMethod$1.runReflectiveCall(FrameworkMethod.java:47) [junit-4.11.jar:na]
	at org.junit.internal.runners.model.ReflectiveCallable.run(ReflectiveCallable.java:12) [junit-4.11.jar:na]
	at org.junit.runners.model.FrameworkMethod.invokeExplosively(FrameworkMethod.java:44) [junit-4.11.jar:na]
	at org.junit.internal.runners.statements.InvokeMethod.evaluate(InvokeMethod.java:17) [junit-4.11.jar:na]
	at org.junit.runners.ParentRunner.runLeaf(ParentRunner.java:271) [junit-4.11.jar:na]
	at org.junit.runners.BlockJUnit4ClassRunner.runChild(BlockJUnit4ClassRunner.java:70) [junit-4.11.jar:na]
	at org.junit.runners.BlockJUnit4ClassRunner.runChild(BlockJUnit4ClassRunner.java:50) [junit-4.11.jar:na]
	at org.junit.runners.ParentRunner$3.run(ParentRunner.java:238) [junit-4.11.jar:na]
	at org.junit.runners.ParentRunner$1.schedule(ParentRunner.java:63) [junit-4.11.jar:na]
	at org.junit.runners.ParentRunner.runChildren(ParentRunner.java:236) [junit-4.11.jar:na]
	at org.junit.runners.ParentRunner.access$000(ParentRunner.java:53) [junit-4.11.jar:na]
	at org.junit.runners.ParentRunner$2.evaluate(ParentRunner.java:229) [junit-4.11.jar:na]
	at org.junit.runners.ParentRunner.run(ParentRunner.java:309) [junit-4.11.jar:na]
	at org.eclipse.jdt.internal.junit4.runner.JUnit4TestReference.run(JUnit4TestReference.java:50) [.cp/:na]
	at org.eclipse.jdt.internal.junit.runner.TestExecution.run(TestExecution.java:38) [.cp/:na]
	at org.eclipse.jdt.internal.junit.runner.RemoteTestRunner.runTests(RemoteTestRunner.java:459) [.cp/:na]
	at org.eclipse.jdt.internal.junit.runner.RemoteTestRunner.runTests(RemoteTestRunner.java:675) [.cp/:na]
	at org.eclipse.jdt.internal.junit.runner.RemoteTestRunner.run(RemoteTestRunner.java:382) [.cp/:na]
	at org.eclipse.jdt.internal.junit.runner.RemoteTestRunner.main(RemoteTestRunner.java:192) [.cp/:na]
Caused by: java.net.UnknownHostException: cn-china-01.ap.mmm.com
	at java.net.AbstractPlainSocketImpl.connect(AbstractPlainSocketImpl.java:178) ~[na:1.7.0_51]
	at java.net.PlainSocketImpl.connect(PlainSocketImpl.java:172) ~[na:1.7.0_51]
	at java.net.SocksSocketImpl.connect(SocksSocketImpl.java:392) ~[na:1.7.0_51]
	at java.net.Socket.connect(Socket.java:579) ~[na:1.7.0_51]
	at java.net.Socket.connect(Socket.java:528) ~[na:1.7.0_51]
	at com.sun.mail.util.SocketFetcher.createSocket(SocketFetcher.java:321) ~[mail-1.4.7.jar:1.4.7]
	at com.sun.mail.util.SocketFetcher.getSocket(SocketFetcher.java:237) ~[mail-1.4.7.jar:1.4.7]
	at com.sun.mail.smtp.SMTPTransport.openServer(SMTPTransport.java:1927) ~[mail-1.4.7.jar:1.4.7]
	... 29 common frames omitted
[ERROR] 2015-12-06  17:30:37.789 [main] test.MailUtilTest - javax.mail.MessagingException: Unknown SMTP host: cn-china-01.ap.mmm.com;
  nested exception is:
	java.net.UnknownHostException: cn-china-01.ap.mmm.com
javax.mail.MessagingException: Unknown SMTP host: cn-china-01.ap.mmm.com
	at com.sun.mail.smtp.SMTPTransport.openServer(SMTPTransport.java:1959) ~[mail-1.4.7.jar:1.4.7]
	at com.sun.mail.smtp.SMTPTransport.protocolConnect(SMTPTransport.java:654) ~[mail-1.4.7.jar:1.4.7]
	at javax.mail.Service.connect(Service.java:295) ~[mail-1.4.7.jar:1.4.7]
	at javax.mail.Service.connect(Service.java:176) ~[mail-1.4.7.jar:1.4.7]
	at org.uncodeframework.core.common.mail.MailSender.sendout(MailSender.java:206) ~[classes/:na]
	at org.uncodeframework.core.common.mail.MailUtil.sendMailByTemplate(MailUtil.java:45) ~[classes/:na]
	at test.MailUtilTest.testMailTemplate(MailUtilTest.java:28) ~[test-classes/:na]
	at sun.reflect.NativeMethodAccessorImpl.invoke0(Native Method) ~[na:1.7.0_51]
	at sun.reflect.NativeMethodAccessorImpl.invoke(NativeMethodAccessorImpl.java:57) ~[na:1.7.0_51]
	at sun.reflect.DelegatingMethodAccessorImpl.invoke(DelegatingMethodAccessorImpl.java:43) ~[na:1.7.0_51]
	at java.lang.reflect.Method.invoke(Method.java:606) ~[na:1.7.0_51]
	at org.junit.runners.model.FrameworkMethod$1.runReflectiveCall(FrameworkMethod.java:47) [junit-4.11.jar:na]
	at org.junit.internal.runners.model.ReflectiveCallable.run(ReflectiveCallable.java:12) [junit-4.11.jar:na]
	at org.junit.runners.model.FrameworkMethod.invokeExplosively(FrameworkMethod.java:44) [junit-4.11.jar:na]
	at org.junit.internal.runners.statements.InvokeMethod.evaluate(InvokeMethod.java:17) [junit-4.11.jar:na]
	at org.junit.runners.ParentRunner.runLeaf(ParentRunner.java:271) [junit-4.11.jar:na]
	at org.junit.runners.BlockJUnit4ClassRunner.runChild(BlockJUnit4ClassRunner.java:70) [junit-4.11.jar:na]
	at org.junit.runners.BlockJUnit4ClassRunner.runChild(BlockJUnit4ClassRunner.java:50) [junit-4.11.jar:na]
	at org.junit.runners.ParentRunner$3.run(ParentRunner.java:238) [junit-4.11.jar:na]
	at org.junit.runners.ParentRunner$1.schedule(ParentRunner.java:63) [junit-4.11.jar:na]
	at org.junit.runners.ParentRunner.runChildren(ParentRunner.java:236) [junit-4.11.jar:na]
	at org.junit.runners.ParentRunner.access$000(ParentRunner.java:53) [junit-4.11.jar:na]
	at org.junit.runners.ParentRunner$2.evaluate(ParentRunner.java:229) [junit-4.11.jar:na]
	at org.junit.runners.ParentRunner.run(ParentRunner.java:309) [junit-4.11.jar:na]
	at org.eclipse.jdt.internal.junit4.runner.JUnit4TestReference.run(JUnit4TestReference.java:50) [.cp/:na]
	at org.eclipse.jdt.internal.junit.runner.TestExecution.run(TestExecution.java:38) [.cp/:na]
	at org.eclipse.jdt.internal.junit.runner.RemoteTestRunner.runTests(RemoteTestRunner.java:459) [.cp/:na]
	at org.eclipse.jdt.internal.junit.runner.RemoteTestRunner.runTests(RemoteTestRunner.java:675) [.cp/:na]
	at org.eclipse.jdt.internal.junit.runner.RemoteTestRunner.run(RemoteTestRunner.java:382) [.cp/:na]
	at org.eclipse.jdt.internal.junit.runner.RemoteTestRunner.main(RemoteTestRunner.java:192) [.cp/:na]
Caused by: java.net.UnknownHostException: cn-china-01.ap.mmm.com
	at java.net.AbstractPlainSocketImpl.connect(AbstractPlainSocketImpl.java:178) ~[na:1.7.0_51]
	at java.net.PlainSocketImpl.connect(PlainSocketImpl.java:172) ~[na:1.7.0_51]
	at java.net.SocksSocketImpl.connect(SocksSocketImpl.java:392) ~[na:1.7.0_51]
	at java.net.Socket.connect(Socket.java:579) ~[na:1.7.0_51]
	at java.net.Socket.connect(Socket.java:528) ~[na:1.7.0_51]
	at com.sun.mail.util.SocketFetcher.createSocket(SocketFetcher.java:321) ~[mail-1.4.7.jar:1.4.7]
	at com.sun.mail.util.SocketFetcher.getSocket(SocketFetcher.java:237) ~[mail-1.4.7.jar:1.4.7]
	at com.sun.mail.smtp.SMTPTransport.openServer(SMTPTransport.java:1927) ~[mail-1.4.7.jar:1.4.7]
	... 29 common frames omitted
